<?xml version="1.0" encoding="UTF-8"?>
<coverage generated="1732167911048" clover="3.2.0">
  <project timestamp="1732167911048" name="All files">
    <metrics statements="5" coveredstatements="0" conditionals="0" coveredconditionals="0" methods="4" coveredmethods="0" elements="9" coveredelements="0" complexity="0" loc="5" ncloc="5" packages="1" files="1" classes="1"/>
    <file name="App.tsx" path="D:/Projects/jepnets/src/App.tsx">
      <metrics statements="5" coveredstatements="0" conditionals="0" coveredconditionals="0" methods="4" coveredmethods="0"/>
      <line num="7" count="0" type="stmt"/>
      <line num="8" count="0" type="stmt"/>
      <line num="61" count="0" type="stmt"/>
      <line num="63" count="0" type="stmt"/>
      <line num="89" count="0" type="stmt"/>
    </file>
  </project>
</coverage>
